  WaterEnemy.cpp
  Tutorial.cpp
  Title.cpp
  SystemManager.cpp
  SceneTask.cpp
  SceneManager.cpp
  Result.cpp
  Player.cpp
c:\users\nwuser.da\desktop\creategame's\yokoari\game\zemi01_ver1.0\player.cpp(105): warning C4805: '==': 演算中の 'int' 型と 'bool' 型の混用は安全ではありません
  Menu.cpp
  Main.cpp
  KidsEnemy.cpp
  ISceneChanger.cpp
  Hit.cpp
  Game.cpp
  Config.cpp
  Box.cpp
  AdultEnemy.cpp
  コードを生成中...
  LINK : 前回のインクリメンタル リンクで C:\Users\nwuser.DA\Desktop\createGame's\yokoari\Game\Debug\zemi01_ver1.0.exe が見つからなかったか、ビルドされませんでした。フル リンクを行います。
     ライブラリ C:\Users\nwuser.DA\Desktop\createGame's\yokoari\Game\Debug\zemi01_ver1.0.lib とオブジェクト C:\Users\nwuser.DA\Desktop\createGame's\yokoari\Game\Debug\zemi01_ver1.0.exp を作成中
  zemi01_ver1.0.vcxproj -> C:\Users\nwuser.DA\Desktop\createGame's\yokoari\Game\Debug\zemi01_ver1.0.exe
